<?xml version="1.0" encoding="UTF-8"?>
<!-- Generated by org.testng.reporters.JUnitXMLReporter -->
<testsuite ignored="0" hostname="LAPTOP-3714JN2V" failures="1" tests="1" name="Default test(failed)(failed)" time="7.415" errors="0" timestamp="2025-12-23T12:36:42 IST">
  <testcase classname="testBase.TC001_AccountRegistrationTest" name="verify_account_registration" time="2.268">
    <failure type="java.lang.AssertionError" message="expected [//Your Account Has Been Created!] but found [Your Account Has Been Created!]">
      <![CDATA[java.lang.AssertionError: expected [//Your Account Has Been Created!] but found [Your Account Has Been Created!]
at testBase.TC001_AccountRegistrationTest.verify_account_registration(TC001_AccountRegistrationTest.java:56)
at java.base/java.util.ArrayList.forEach(ArrayList.java:1511)
... Removed 33 stack frames]]>
    </failure>
  </testcase> <!-- verify_account_registration -->
</testsuite> <!-- Default test(failed)(failed) -->
