<?xml version="1.0" encoding="UTF-8"?>
<!-- Generated by org.testng.reporters.JUnitReportReporter -->
<testsuite hostname="LAPTOP-3714JN2V" failures="0" tests="2" name="testCases.TC001_AccountRegistrationTest" time="5.433" errors="0" timestamp="2025-12-26T12:42:13 IST" skipped="0">
  <testcase classname="testCases.TC001_AccountRegistrationTest" name="verify_account_registration" time="2.984"/>
  <system-out/>
  <testcase classname="testCases.TC001_AccountRegistrationTest" name="verify_account_registration" time="2.449"/>
  <system-out/>
</testsuite> <!-- testCases.TC001_AccountRegistrationTest -->
